<?xml version="1.0" encoding="UTF-8"?>
<testng-results ignored="0" total="1" passed="1" failed="0" skipped="0">
  <reporter-output>
  </reporter-output>
  <suite started-at="2023-11-30T12:36:44 IST" name="Default suite" finished-at="2023-11-30T12:37:52 IST" duration-ms="68395">
    <groups>
    </groups>
    <test started-at="2023-11-30T12:36:44 IST" name="Default test" finished-at="2023-11-30T12:37:52 IST" duration-ms="68395">
      <class name="testpkg.Datepicker">
        <test-method is-config="true" signature="setup()[pri:0, instance:testpkg.Datepicker@506ae4d4]" started-at="2023-11-30T12:36:44 IST" name="setup" finished-at="2023-11-30T12:37:49 IST" duration-ms="65488" status="PASS">
          <reporter-output>
          </reporter-output>
        </test-method> <!-- setup -->
        <test-method signature="datepickertest()[pri:0, instance:testpkg.Datepicker@506ae4d4]" started-at="2023-11-30T12:37:49 IST" name="datepickertest" finished-at="2023-11-30T12:37:52 IST" duration-ms="2764" status="PASS">
          <reporter-output>
          </reporter-output>
        </test-method> <!-- datepickertest -->
      </class> <!-- testpkg.Datepicker -->
    </test> <!-- Default test -->
  </suite> <!-- Default suite -->
</testng-results>
